<?xml version="1.0" encoding="UTF-8"?>
<!-- Generated by org.testng.reporters.JUnitXMLReporter -->
<testsuite ignored="0" hostname="DESKTOP-PTOI1NR" failures="1" tests="2" name="Test" time="113.871" errors="0" timestamp="2021-08-05T15:29:09 IST">
  <testcase classname="test.testClassAmazon" name="@AfterMethod end" time="0.001">
    <failure type="java.lang.AssertionError" message="The following asserts failed:
	did not expect [https://www.amazon.in/s?k=iphone11phone+64gb&amp;amp;ref=nb_sb_noss] but found [https://www.amazon.in/s?k=iphone11phone+64gb&amp;amp;ref=nb_sb_noss]">
      <![CDATA[java.lang.AssertionError: The following asserts failed:
did not expect [https://www.amazon.in/s?k=iphone11phone+64gb&ref=nb_sb_noss] but found [https://www.amazon.in/s?k=iphone11phone+64gb&ref=nb_sb_noss]
at test.testClassAmazon.end(testClassAmazon.java:136)
at java.base/java.util.ArrayList.forEach(ArrayList.java:1511)
at java.base/java.util.concurrent.FutureTask.run(FutureTask.java:264)
at java.base/java.util.concurrent.ThreadPoolExecutor.runWorker(ThreadPoolExecutor.java:1130)
at java.base/java.util.concurrent.ThreadPoolExecutor$Worker.run(ThreadPoolExecutor.java:630)
at java.base/java.lang.Thread.run(Thread.java:832)
... Removed 25 stack frames]]>
    </failure>
  </testcase> <!-- @AfterMethod end -->
  <testcase classname="test.testclass1" name="loginandtest" time="27.262"/>
  <testcase classname="test.testClassAmazon" name="login" time="34.044">
    <failure type="java.lang.NullPointerException">
      <![CDATA[java.lang.NullPointerException
at java.base/java.util.Objects.requireNonNull(Objects.java:208)
at org.openqa.selenium.interactions.Actions.<init>(Actions.java:65)
at pomclassAmazon.amazonLogout.option(amazonLogout.java:30)
at test.testClassAmazon.login(testClassAmazon.java:126)
at java.base/java.util.ArrayList.forEach(ArrayList.java:1511)
at java.base/java.util.concurrent.FutureTask.run(FutureTask.java:264)
at java.base/java.util.concurrent.ThreadPoolExecutor.runWorker(ThreadPoolExecutor.java:1130)
at java.base/java.util.concurrent.ThreadPoolExecutor$Worker.run(ThreadPoolExecutor.java:630)
at java.base/java.lang.Thread.run(Thread.java:832)
... Removed 18 stack frames]]>
    </failure>
  </testcase> <!-- login -->
</testsuite> <!-- Test -->
